#! /c/Source/iverilog-install/bin/vvp
:ivl_version "12.0 (devel)" "(s20150603-1539-g2693dd32b)";
:ivl_delay_selection "TYPICAL";
:vpi_time_precision + 0;
:vpi_module "C:\iverilog\lib\ivl\system.vpi";
:vpi_module "C:\iverilog\lib\ivl\vhdl_sys.vpi";
:vpi_module "C:\iverilog\lib\ivl\vhdl_textio.vpi";
:vpi_module "C:\iverilog\lib\ivl\v2005_math.vpi";
:vpi_module "C:\iverilog\lib\ivl\va_math.vpi";
S_000001c6436bc300 .scope module, "Master_controller" "Master_controller" 2 4;
 .timescale 0 0;
    .port_info 0 /INPUT 1 "clk";
    .port_info 1 /INPUT 1 "BaudRate";
    .port_info 2 /INPUT 1 "rst";
    .port_info 3 /INPUT 1 "SS";
    .port_info 4 /INPUT 1 "SPE";
    .port_info 5 /INPUT 1 "MSTR";
    .port_info 6 /INPUT 3 "counter";
    .port_info 7 /OUTPUT 1 "counter_enable";
    .port_info 8 /OUTPUT 1 "Reg_write_en";
    .port_info 9 /OUTPUT 1 "Shifter_en";
    .port_info 10 /OUTPUT 1 "idle";
    .port_info 11 /OUTPUT 1 "M_BaudRate";
    .port_info 12 /OUTPUT 1 "SPIF";
    .port_info 13 /OUTPUT 1 "BRG_clr";
    .port_info 14 /OUTPUT 1 "SPDR_wr_en";
    .port_info 15 /OUTPUT 1 "SPDR_rd_en";
P_000001c6436bc490 .param/l "Idle" 1 2 23, +C4<00000000000000000000000000000000>;
P_000001c6436bc4c8 .param/l "Run" 1 2 23, +C4<00000000000000000000000000000001>;
P_000001c6436bc500 .param/l "Update" 1 2 23, +C4<00000000000000000000000000000010>;
L_000001c6435ffc80 .functor NOT 1, v000001c643646b00_0, C4<0>, C4<0>, C4<0>;
o000001c643601008 .functor BUFZ 1, C4<z>; HiZ drive
L_000001c6435fff20 .functor NOT 1, o000001c643601008, C4<0>, C4<0>, C4<0>;
L_000001c6435fff90 .functor AND 1, L_000001c6435ffc80, L_000001c6435fff20, C4<1>, C4<1>;
o000001c643601038 .functor BUFZ 1, C4<z>; HiZ drive
L_000001c643600000 .functor NOT 1, o000001c643601038, C4<0>, C4<0>, C4<0>;
o000001c643601188 .functor BUFZ 1, C4<z>; HiZ drive
L_000001c643600070 .functor OR 1, L_000001c643600000, o000001c643601188, C4<0>, C4<0>;
o000001c643601128 .functor BUFZ 1, C4<z>; HiZ drive
L_000001c643600150 .functor NOT 1, o000001c643601128, C4<0>, C4<0>, C4<0>;
L_000001c6435ffac0 .functor OR 1, L_000001c643600070, L_000001c643600150, C4<0>, C4<0>;
v000001c6435c3380_0 .net "BRG_clr", 0 0, L_000001c6435ffac0;  1 drivers
v000001c6436bc540_0 .net "BaudRate", 0 0, o000001c643601008;  0 drivers
v000001c6435c2e30_0 .net "MSTR", 0 0, o000001c643601038;  0 drivers
v000001c6435c2ed0_0 .net "M_BaudRate", 0 0, L_000001c6435fff90;  1 drivers
v000001c6435c2f70_0 .var "Reg_write_en", 0 0;
v000001c643645d40_0 .var "SPDR_rd_en", 0 0;
v000001c6436461a0_0 .var "SPDR_wr_en", 0 0;
v000001c643646240_0 .net "SPE", 0 0, o000001c643601128;  0 drivers
v000001c643646380_0 .var "SPIF", 0 0;
v000001c643646420_0 .net "SS", 0 0, o000001c643601188;  0 drivers
v000001c643645ca0_0 .var "Shifter_en", 0 0;
v000001c6436466a0_0 .net *"_ivl_0", 0 0, L_000001c6435ffc80;  1 drivers
v000001c643645e80_0 .net *"_ivl_10", 0 0, L_000001c643600150;  1 drivers
v000001c643645fc0_0 .net *"_ivl_2", 0 0, L_000001c6435fff20;  1 drivers
v000001c6436469c0_0 .net *"_ivl_6", 0 0, L_000001c643600000;  1 drivers
v000001c6436462e0_0 .net *"_ivl_8", 0 0, L_000001c643600070;  1 drivers
o000001c6436012d8 .functor BUFZ 1, C4<z>; HiZ drive
v000001c643645de0_0 .net "clk", 0 0, o000001c6436012d8;  0 drivers
o000001c643601308 .functor BUFZ 3, C4<zzz>; HiZ drive
v000001c643646a60_0 .net "counter", 2 0, o000001c643601308;  0 drivers
v000001c6436464c0_0 .var "counter_enable", 0 0;
v000001c643646920_0 .var "current_state", 1 0;
v000001c643646b00_0 .var "idle", 0 0;
v000001c643646560_0 .var "next_state", 1 0;
o000001c6436013f8 .functor BUFZ 1, C4<z>; HiZ drive
v000001c6436467e0_0 .net "rst", 0 0, o000001c6436013f8;  0 drivers
v000001c643645f20_0 .var "temp", 0 0;
E_000001c6435e5cc0 .event anyedge, v000001c643646920_0;
E_000001c6435e6200 .event posedge, v000001c643645de0_0;
E_000001c6435e5d80/0 .event anyedge, v000001c643646920_0, v000001c643646420_0, v000001c6435c2e30_0, v000001c643646240_0;
E_000001c6435e5d80/1 .event anyedge, v000001c643646a60_0;
E_000001c6435e5d80 .event/or E_000001c6435e5d80/0, E_000001c6435e5d80/1;
E_000001c6435e5900/0 .event negedge, v000001c6436467e0_0;
E_000001c6435e5900/1 .event posedge, v000001c6436bc540_0;
E_000001c6435e5900 .event/or E_000001c6435e5900/0, E_000001c6435e5900/1;
    .scope S_000001c6436bc300;
T_0 ;
    %wait E_000001c6435e5900;
    %load/vec4 v000001c6436467e0_0;
    %inv;
    %flag_set/vec4 8;
    %jmp/0xz  T_0.0, 8;
    %pushi/vec4 0, 0, 2;
    %assign/vec4 v000001c643646920_0, 0;
    %jmp T_0.1;
T_0.0 ;
    %load/vec4 v000001c643646560_0;
    %assign/vec4 v000001c643646920_0, 0;
T_0.1 ;
    %jmp T_0;
    .thread T_0;
    .scope S_000001c6436bc300;
T_1 ;
    %wait E_000001c6435e5d80;
    %load/vec4 v000001c643646920_0;
    %dup/vec4;
    %pushi/vec4 0, 0, 2;
    %cmp/u;
    %jmp/1 T_1.0, 6;
    %dup/vec4;
    %pushi/vec4 1, 0, 2;
    %cmp/u;
    %jmp/1 T_1.1, 6;
    %dup/vec4;
    %pushi/vec4 2, 0, 2;
    %cmp/u;
    %jmp/1 T_1.2, 6;
    %jmp T_1.3;
T_1.0 ;
    %load/vec4 v000001c643646420_0;
    %nor/r;
    %flag_set/vec4 10;
    %flag_get/vec4 10;
    %jmp/0 T_1.7, 10;
    %load/vec4 v000001c6435c2e30_0;
    %and;
T_1.7;
    %flag_set/vec4 9;
    %flag_get/vec4 9;
    %jmp/0 T_1.6, 9;
    %load/vec4 v000001c643646240_0;
    %and;
T_1.6;
    %flag_set/vec4 8;
    %jmp/0xz  T_1.4, 8;
    %pushi/vec4 1, 0, 2;
    %store/vec4 v000001c643646560_0, 0, 2;
    %jmp T_1.5;
T_1.4 ;
    %pushi/vec4 0, 0, 2;
    %store/vec4 v000001c643646560_0, 0, 2;
T_1.5 ;
    %jmp T_1.3;
T_1.1 ;
    %load/vec4 v000001c643646a60_0;
    %pad/u 32;
    %cmpi/e 7, 0, 32;
    %jmp/0xz  T_1.8, 4;
    %pushi/vec4 2, 0, 2;
    %store/vec4 v000001c643646560_0, 0, 2;
    %jmp T_1.9;
T_1.8 ;
    %pushi/vec4 1, 0, 2;
    %store/vec4 v000001c643646560_0, 0, 2;
T_1.9 ;
    %jmp T_1.3;
T_1.2 ;
    %pushi/vec4 0, 0, 2;
    %store/vec4 v000001c643646560_0, 0, 2;
    %jmp T_1.3;
T_1.3 ;
    %pop/vec4 1;
    %jmp T_1;
    .thread T_1, $push;
    .scope S_000001c6436bc300;
T_2 ;
    %wait E_000001c6435e6200;
    %pushi/vec4 0, 0, 1;
    %assign/vec4 v000001c643645f20_0, 0;
    %load/vec4 v000001c643646920_0;
    %pad/u 32;
    %cmpi/e 2, 0, 32;
    %jmp/0xz  T_2.0, 4;
    %load/vec4 v000001c643646560_0;
    %assign/vec4 v000001c643646920_0, 0;
    %jmp T_2.1;
T_2.0 ;
    %load/vec4 v000001c643646920_0;
    %pad/u 32;
    %cmpi/e 0, 0, 32;
    %jmp/0xz  T_2.2, 4;
    %load/vec4 v000001c643645f20_0;
    %pad/u 32;
    %cmpi/e 0, 0, 32;
    %jmp/0xz  T_2.4, 4;
    %pushi/vec4 1, 0, 1;
    %assign/vec4 v000001c643645f20_0, 0;
    %jmp T_2.5;
T_2.4 ;
    %load/vec4 v000001c643646560_0;
    %assign/vec4 v000001c643646920_0, 0;
T_2.5 ;
T_2.2 ;
T_2.1 ;
    %jmp T_2;
    .thread T_2;
    .scope S_000001c6436bc300;
T_3 ;
    %wait E_000001c6435e5cc0;
    %pushi/vec4 0, 0, 1;
    %store/vec4 v000001c643646b00_0, 0, 1;
    %pushi/vec4 0, 0, 1;
    %store/vec4 v000001c643645d40_0, 0, 1;
    %pushi/vec4 0, 0, 1;
    %store/vec4 v000001c6436461a0_0, 0, 1;
    %pushi/vec4 0, 0, 1;
    %store/vec4 v000001c643645ca0_0, 0, 1;
    %pushi/vec4 0, 0, 1;
    %store/vec4 v000001c643646380_0, 0, 1;
    %pushi/vec4 0, 0, 1;
    %store/vec4 v000001c6435c2f70_0, 0, 1;
    %pushi/vec4 0, 0, 1;
    %store/vec4 v000001c6436464c0_0, 0, 1;
    %load/vec4 v000001c643646920_0;
    %dup/vec4;
    %pushi/vec4 0, 0, 2;
    %cmp/u;
    %jmp/1 T_3.0, 6;
    %dup/vec4;
    %pushi/vec4 1, 0, 2;
    %cmp/u;
    %jmp/1 T_3.1, 6;
    %dup/vec4;
    %pushi/vec4 2, 0, 2;
    %cmp/u;
    %jmp/1 T_3.2, 6;
    %jmp T_3.3;
T_3.0 ;
    %pushi/vec4 1, 0, 1;
    %store/vec4 v000001c643646b00_0, 0, 1;
    %pushi/vec4 1, 0, 1;
    %store/vec4 v000001c643645d40_0, 0, 1;
    %jmp T_3.3;
T_3.1 ;
    %pushi/vec4 0, 0, 1;
    %store/vec4 v000001c643646380_0, 0, 1;
    %pushi/vec4 1, 0, 1;
    %store/vec4 v000001c6435c2f70_0, 0, 1;
    %pushi/vec4 1, 0, 1;
    %store/vec4 v000001c643645ca0_0, 0, 1;
    %pushi/vec4 1, 0, 1;
    %store/vec4 v000001c6436464c0_0, 0, 1;
    %jmp T_3.3;
T_3.2 ;
    %pushi/vec4 1, 0, 1;
    %store/vec4 v000001c643646b00_0, 0, 1;
    %pushi/vec4 1, 0, 1;
    %store/vec4 v000001c6436461a0_0, 0, 1;
    %pushi/vec4 1, 0, 1;
    %store/vec4 v000001c643646380_0, 0, 1;
    %pushi/vec4 1, 0, 1;
    %store/vec4 v000001c6435c2f70_0, 0, 1;
    %jmp T_3.3;
T_3.3 ;
    %pop/vec4 1;
    %jmp T_3;
    .thread T_3, $push;
# The file index is used to find the file name in the following table.
:file_names 3;
    "N/A";
    "<interactive>";
    "Master_controller.v";
