#! /c/Source/iverilog-install/bin/vvp
:ivl_version "12.0 (devel)" "(s20150603-1539-g2693dd32b)";
:ivl_delay_selection "TYPICAL";
:vpi_time_precision - 10;
:vpi_module "C:\iverilog\lib\ivl\system.vpi";
:vpi_module "C:\iverilog\lib\ivl\vhdl_sys.vpi";
:vpi_module "C:\iverilog\lib\ivl\vhdl_textio.vpi";
:vpi_module "C:\iverilog\lib\ivl\v2005_math.vpi";
:vpi_module "C:\iverilog\lib\ivl\va_math.vpi";
S_0000020fe38295e0 .scope module, "BRG_TB" "BRG_TB" 2 5;
 .timescale -9 -10;
P_0000020fe3843330 .param/l "ClockPeriod" 1 2 8, +C4<00000000000000000000000000001010>;
P_0000020fe3843368 .param/l "PrescalarWidth" 1 2 7, +C4<00000000000000000000000000000011>;
v0000020fe3842fc0_0 .net "BaudRate", 0 0, L_0000020fe38bff50;  1 drivers
v0000020fe3843060_0 .var "SPR", 2 0;
v0000020fe3843100_0 .var "clk", 0 0;
v0000020fe38740c0_0 .var "clr", 0 0;
v0000020fe38bf410_0 .var "en", 0 0;
v0000020fe38bf2d0_0 .var "rst", 0 0;
S_0000020fe382d720 .scope module, "BRG_inst" "BRG" 2 16, 3 3 0, S_0000020fe38295e0;
 .timescale -9 -10;
    .port_info 0 /INPUT 1 "clk";
    .port_info 1 /INPUT 1 "rst";
    .port_info 2 /INPUT 1 "clr";
    .port_info 3 /INPUT 3 "SPR";
    .port_info 4 /INPUT 1 "en";
    .port_info 5 /OUTPUT 1 "BaudRate";
P_0000020fe382ab00 .param/l "PrescalarWidth" 0 3 4, +C4<00000000000000000000000000000011>;
v0000020fe382a490_0 .net "BaudRate", 0 0, L_0000020fe38bff50;  alias, 1 drivers
v0000020fe382d8b0_0 .net "SPR", 2 0, v0000020fe3843060_0;  1 drivers
L_0000020fe38c0018 .functor BUFT 1, C4<00000001>, C4<0>, C4<0>, C4<0>;
v0000020fe382d950_0 .net/2u *"_ivl_0", 7 0, L_0000020fe38c0018;  1 drivers
v0000020fe382d9f0_0 .net "clk", 0 0, v0000020fe3843100_0;  1 drivers
v0000020fe382da90_0 .net "clr", 0 0, v0000020fe38740c0_0;  1 drivers
v0000020fe3842d40_0 .var "counter", 7 0;
v0000020fe3842de0_0 .net "counterNext", 7 0, L_0000020fe38bfaf0;  1 drivers
v0000020fe3842e80_0 .net "en", 0 0, v0000020fe38bf410_0;  1 drivers
v0000020fe3842f20_0 .net "rst", 0 0, v0000020fe38bf2d0_0;  1 drivers
E_0000020fe382b140/0 .event negedge, v0000020fe3842f20_0;
E_0000020fe382b140/1 .event posedge, v0000020fe382d9f0_0;
E_0000020fe382b140 .event/or E_0000020fe382b140/0, E_0000020fe382b140/1;
L_0000020fe38bfaf0 .arith/sum 8, v0000020fe3842d40_0, L_0000020fe38c0018;
L_0000020fe38bff50 .part/v v0000020fe3842d40_0, v0000020fe3843060_0, 1;
    .scope S_0000020fe382d720;
T_0 ;
    %wait E_0000020fe382b140;
    %load/vec4 v0000020fe3842f20_0;
    %inv;
    %load/vec4 v0000020fe382da90_0;
    %or;
    %flag_set/vec4 8;
    %jmp/0xz  T_0.0, 8;
    %pushi/vec4 0, 0, 8;
    %assign/vec4 v0000020fe3842d40_0, 0;
    %jmp T_0.1;
T_0.0 ;
    %load/vec4 v0000020fe3842e80_0;
    %flag_set/vec4 8;
    %jmp/0xz  T_0.2, 8;
    %load/vec4 v0000020fe3842de0_0;
    %assign/vec4 v0000020fe3842d40_0, 0;
T_0.2 ;
T_0.1 ;
    %jmp T_0;
    .thread T_0;
    .scope S_0000020fe38295e0;
T_1 ;
    %pushi/vec4 0, 0, 1;
    %store/vec4 v0000020fe3843100_0, 0, 1;
    %pushi/vec4 0, 0, 1;
    %store/vec4 v0000020fe38bf2d0_0, 0, 1;
    %pushi/vec4 0, 0, 1;
    %store/vec4 v0000020fe38bf410_0, 0, 1;
    %pushi/vec4 1, 0, 1;
    %store/vec4 v0000020fe38740c0_0, 0, 1;
    %pushi/vec4 0, 0, 3;
    %store/vec4 v0000020fe3843060_0, 0, 3;
    %end;
    .thread T_1;
    .scope S_0000020fe38295e0;
T_2 ;
    %delay 50, 0;
    %load/vec4 v0000020fe3843100_0;
    %inv;
    %store/vec4 v0000020fe3843100_0, 0, 1;
    %jmp T_2;
    .thread T_2;
    .scope S_0000020fe38295e0;
T_3 ;
    %vpi_call 2 19 "$dumpfile", "dump.vcd" {0 0 0};
    %vpi_call 2 20 "$dumpvars" {0 0 0};
    %delay 150, 0;
    %pushi/vec4 1, 0, 1;
    %store/vec4 v0000020fe38bf2d0_0, 0, 1;
    %pushi/vec4 1, 0, 1;
    %store/vec4 v0000020fe38bf410_0, 0, 1;
    %pushi/vec4 0, 0, 1;
    %store/vec4 v0000020fe38740c0_0, 0, 1;
    %delay 2000, 0;
    %pushi/vec4 1, 0, 3;
    %store/vec4 v0000020fe3843060_0, 0, 3;
    %delay 2000, 0;
    %pushi/vec4 2, 0, 3;
    %store/vec4 v0000020fe3843060_0, 0, 3;
    %pushi/vec4 1, 0, 1;
    %store/vec4 v0000020fe38bf410_0, 0, 1;
    %pushi/vec4 1, 0, 1;
    %store/vec4 v0000020fe38740c0_0, 0, 1;
    %delay 2000, 0;
    %pushi/vec4 1, 0, 3;
    %store/vec4 v0000020fe3843060_0, 0, 3;
    %delay 1000, 0;
    %vpi_call 2 29 "$finish" {0 0 0};
    %end;
    .thread T_3;
# The file index is used to find the file name in the following table.
:file_names 4;
    "N/A";
    "<interactive>";
    "BRG_TB.v";
    "./BRG.v";
