#! /c/Source/iverilog-install/bin/vvp
:ivl_version "12.0 (devel)" "(s20150603-1539-g2693dd32b)";
:ivl_delay_selection "TYPICAL";
:vpi_time_precision + 0;
:vpi_module "C:\iverilog\lib\ivl\system.vpi";
:vpi_module "C:\iverilog\lib\ivl\vhdl_sys.vpi";
:vpi_module "C:\iverilog\lib\ivl\vhdl_textio.vpi";
:vpi_module "C:\iverilog\lib\ivl\v2005_math.vpi";
:vpi_module "C:\iverilog\lib\ivl\va_math.vpi";
S_0000012d8ae92df0 .scope module, "Master_slave_select" "Master_slave_select" 2 2;
 .timescale 0 0;
    .port_info 0 /INPUT 1 "MSTR";
    .port_info 1 /INPUT 1 "S_BaudRate";
    .port_info 2 /INPUT 1 "BaudRate";
    .port_info 3 /INPUT 1 "M_Shift_clk";
    .port_info 4 /INPUT 1 "M_Sample_clk";
    .port_info 5 /INPUT 1 "S_Shift_clk";
    .port_info 6 /INPUT 1 "S_Sample_clk";
    .port_info 7 /INPUT 1 "idle";
    .port_info 8 /OUTPUT 1 "M_BaudRate";
    .port_info 9 /OUTPUT 1 "control_BaudRate";
    .port_info 10 /OUTPUT 1 "Shift_clk";
    .port_info 11 /OUTPUT 1 "Sample_clk";
o0000012d8aec6fd8 .functor BUFZ 1, C4<z>; HiZ drive
v0000012d8ae935a0_0 .net "BaudRate", 0 0, o0000012d8aec6fd8;  0 drivers
o0000012d8aec7008 .functor BUFZ 1, C4<z>; HiZ drive
v0000012d8ae93360_0 .net "MSTR", 0 0, o0000012d8aec7008;  0 drivers
v0000012d8ae93050_0 .var "M_BaudRate", 0 0;
o0000012d8aec7068 .functor BUFZ 1, C4<z>; HiZ drive
v0000012d8ae930f0_0 .net "M_Sample_clk", 0 0, o0000012d8aec7068;  0 drivers
o0000012d8aec7098 .functor BUFZ 1, C4<z>; HiZ drive
v0000012d8ae7c2d0_0 .net "M_Shift_clk", 0 0, o0000012d8aec7098;  0 drivers
o0000012d8aec70c8 .functor BUFZ 1, C4<z>; HiZ drive
v0000012d8ae7c370_0 .net "S_BaudRate", 0 0, o0000012d8aec70c8;  0 drivers
o0000012d8aec70f8 .functor BUFZ 1, C4<z>; HiZ drive
v0000012d8ae7c410_0 .net "S_Sample_clk", 0 0, o0000012d8aec70f8;  0 drivers
o0000012d8aec7128 .functor BUFZ 1, C4<z>; HiZ drive
v0000012d8ae7c4b0_0 .net "S_Shift_clk", 0 0, o0000012d8aec7128;  0 drivers
v0000012d8ae7c550_0 .var "Sample_clk", 0 0;
v0000012d8aec2850_0 .var "Shift_clk", 0 0;
v0000012d8aec28f0_0 .var "control_BaudRate", 0 0;
o0000012d8aec71e8 .functor BUFZ 1, C4<z>; HiZ drive
v0000012d8aec2990_0 .net "idle", 0 0, o0000012d8aec71e8;  0 drivers
E_0000012d8aec62d0/0 .event anyedge, v0000012d8ae93360_0, v0000012d8aec2990_0, v0000012d8ae935a0_0, v0000012d8ae93050_0;
E_0000012d8aec62d0/1 .event anyedge, v0000012d8ae7c2d0_0, v0000012d8ae930f0_0, v0000012d8ae7c370_0, v0000012d8ae7c4b0_0;
E_0000012d8aec62d0/2 .event anyedge, v0000012d8ae7c410_0;
E_0000012d8aec62d0 .event/or E_0000012d8aec62d0/0, E_0000012d8aec62d0/1, E_0000012d8aec62d0/2;
    .scope S_0000012d8ae92df0;
T_0 ;
    %wait E_0000012d8aec62d0;
    %load/vec4 v0000012d8ae93360_0;
    %flag_set/vec4 8;
    %jmp/0xz  T_0.0, 8;
    %load/vec4 v0000012d8aec2990_0;
    %inv;
    %load/vec4 v0000012d8ae935a0_0;
    %inv;
    %and;
    %store/vec4 v0000012d8ae93050_0, 0, 1;
    %load/vec4 v0000012d8ae93050_0;
    %store/vec4 v0000012d8aec28f0_0, 0, 1;
    %load/vec4 v0000012d8ae7c2d0_0;
    %store/vec4 v0000012d8aec2850_0, 0, 1;
    %load/vec4 v0000012d8ae930f0_0;
    %store/vec4 v0000012d8ae7c550_0, 0, 1;
    %jmp T_0.1;
T_0.0 ;
    %load/vec4 v0000012d8ae93360_0;
    %inv;
    %flag_set/vec4 8;
    %jmp/0xz  T_0.2, 8;
    %pushi/vec4 0, 0, 1;
    %store/vec4 v0000012d8ae93050_0, 0, 1;
    %load/vec4 v0000012d8ae7c370_0;
    %store/vec4 v0000012d8aec28f0_0, 0, 1;
    %load/vec4 v0000012d8ae7c4b0_0;
    %store/vec4 v0000012d8aec2850_0, 0, 1;
    %load/vec4 v0000012d8ae7c410_0;
    %store/vec4 v0000012d8ae7c550_0, 0, 1;
T_0.2 ;
T_0.1 ;
    %jmp T_0;
    .thread T_0, $push;
# The file index is used to find the file name in the following table.
:file_names 3;
    "N/A";
    "<interactive>";
    "Master_slave_select.v";
