#! /c/Source/iverilog-install/bin/vvp
:ivl_version "12.0 (devel)" "(s20150603-1539-g2693dd32b)";
:ivl_delay_selection "TYPICAL";
:vpi_time_precision + 0;
:vpi_module "C:\iverilog\lib\ivl\system.vpi";
:vpi_module "C:\iverilog\lib\ivl\vhdl_sys.vpi";
:vpi_module "C:\iverilog\lib\ivl\vhdl_textio.vpi";
:vpi_module "C:\iverilog\lib\ivl\v2005_math.vpi";
:vpi_module "C:\iverilog\lib\ivl\va_math.vpi";
S_000001fc36852df0 .scope module, "SCK_control_slave" "SCK_control_slave" 2 2;
 .timescale 0 0;
    .port_info 0 /INPUT 1 "SCK_in";
    .port_info 1 /INPUT 1 "CPOL";
    .port_info 2 /INPUT 1 "CPHA";
    .port_info 3 /INPUT 1 "idle";
    .port_info 4 /OUTPUT 1 "S_BaudRate";
    .port_info 5 /OUTPUT 1 "Shift_clk";
    .port_info 6 /OUTPUT 1 "Sample_clk";
o000001fc36886fb8 .functor BUFZ 1, C4<z>; HiZ drive
v000001fc36853580_0 .net "CPHA", 0 0, o000001fc36886fb8;  0 drivers
o000001fc36886fe8 .functor BUFZ 1, C4<z>; HiZ drive
v000001fc36853360_0 .net "CPOL", 0 0, o000001fc36886fe8;  0 drivers
o000001fc36887018 .functor BUFZ 1, C4<z>; HiZ drive
v000001fc36852f80_0 .net "SCK_in", 0 0, o000001fc36887018;  0 drivers
v000001fc36853020_0 .var "S_BaudRate", 0 0;
v000001fc368530c0_0 .var "Sample_clk", 0 0;
v000001fc3683ed20_0 .var "Shift_clk", 0 0;
o000001fc368870d8 .functor BUFZ 1, C4<z>; HiZ drive
v000001fc3683edc0_0 .net "idle", 0 0, o000001fc368870d8;  0 drivers
E_000001fc3683c7d0/0 .event anyedge, v000001fc3683edc0_0, v000001fc36853020_0, v000001fc36853360_0, v000001fc36853580_0;
E_000001fc3683c7d0/1 .event anyedge, v000001fc36852f80_0;
E_000001fc3683c7d0 .event/or E_000001fc3683c7d0/0, E_000001fc3683c7d0/1;
    .scope S_000001fc36852df0;
T_0 ;
    %wait E_000001fc3683c7d0;
    %load/vec4 v000001fc3683edc0_0;
    %nor/r;
    %load/vec4 v000001fc36853020_0;
    %nor/r;
    %and;
    %store/vec4 v000001fc3683ed20_0, 0, 1;
    %load/vec4 v000001fc36853020_0;
    %store/vec4 v000001fc368530c0_0, 0, 1;
    %load/vec4 v000001fc36853360_0;
    %load/vec4 v000001fc36853580_0;
    %concat/vec4; draw_concat_vec4
    %dup/vec4;
    %pushi/vec4 0, 0, 2;
    %cmp/u;
    %jmp/1 T_0.0, 6;
    %dup/vec4;
    %pushi/vec4 1, 0, 2;
    %cmp/u;
    %jmp/1 T_0.1, 6;
    %dup/vec4;
    %pushi/vec4 2, 0, 2;
    %cmp/u;
    %jmp/1 T_0.2, 6;
    %dup/vec4;
    %pushi/vec4 3, 0, 2;
    %cmp/u;
    %jmp/1 T_0.3, 6;
    %jmp T_0.4;
T_0.0 ;
    %load/vec4 v000001fc36852f80_0;
    %store/vec4 v000001fc36853020_0, 0, 1;
    %jmp T_0.4;
T_0.1 ;
    %load/vec4 v000001fc3683edc0_0;
    %nor/r;
    %load/vec4 v000001fc36852f80_0;
    %nor/r;
    %and;
    %store/vec4 v000001fc36853020_0, 0, 1;
    %jmp T_0.4;
T_0.2 ;
    %load/vec4 v000001fc36852f80_0;
    %nor/r;
    %store/vec4 v000001fc36853020_0, 0, 1;
    %jmp T_0.4;
T_0.3 ;
    %load/vec4 v000001fc3683edc0_0;
    %load/vec4 v000001fc36852f80_0;
    %or;
    %store/vec4 v000001fc36853020_0, 0, 1;
    %jmp T_0.4;
T_0.4 ;
    %pop/vec4 1;
    %jmp T_0;
    .thread T_0, $push;
# The file index is used to find the file name in the following table.
:file_names 3;
    "N/A";
    "<interactive>";
    "SCK_control_slave.v";
