#! /c/Source/iverilog-install/bin/vvp
:ivl_version "12.0 (devel)" "(s20150603-1539-g2693dd32b)";
:ivl_delay_selection "TYPICAL";
:vpi_time_precision + 0;
:vpi_module "C:\iverilog\lib\ivl\system.vpi";
:vpi_module "C:\iverilog\lib\ivl\vhdl_sys.vpi";
:vpi_module "C:\iverilog\lib\ivl\vhdl_textio.vpi";
:vpi_module "C:\iverilog\lib\ivl\v2005_math.vpi";
:vpi_module "C:\iverilog\lib\ivl\va_math.vpi";
S_000001e410c32ce0 .scope module, "SPDR" "SPDR" 2 2;
 .timescale 0 0;
    .port_info 0 /INPUT 8 "SPDR_in";
    .port_info 1 /INPUT 8 "SPDR_From_user";
    .port_info 2 /INPUT 1 "clk";
    .port_info 3 /INPUT 1 "rst";
    .port_info 4 /INPUT 1 "en";
    .port_info 5 /INPUT 1 "SPDR_rd_en";
    .port_info 6 /OUTPUT 8 "SPDR_out";
L_000001e410c330f0 .functor BUFZ 8, v000001e410c33490_0, C4<00000000>, C4<00000000>, C4<00000000>;
v000001e410c33490_0 .var "SPDR", 7 0;
o000001e410c67008 .functor BUFZ 8, C4<zzzzzzzz>; HiZ drive
v000001e410c32e70_0 .net "SPDR_From_user", 7 0, o000001e410c67008;  0 drivers
o000001e410c67038 .functor BUFZ 8, C4<zzzzzzzz>; HiZ drive
v000001e410c32f10_0 .net "SPDR_in", 7 0, o000001e410c67038;  0 drivers
v000001e410c32fb0_0 .net "SPDR_out", 7 0, L_000001e410c330f0;  1 drivers
o000001e410c67098 .functor BUFZ 1, C4<z>; HiZ drive
v000001e410c33050_0 .net "SPDR_rd_en", 0 0, o000001e410c67098;  0 drivers
o000001e410c670c8 .functor BUFZ 1, C4<z>; HiZ drive
v000001e410c1ba80_0 .net "clk", 0 0, o000001e410c670c8;  0 drivers
o000001e410c670f8 .functor BUFZ 1, C4<z>; HiZ drive
v000001e410c1bb20_0 .net "en", 0 0, o000001e410c670f8;  0 drivers
o000001e410c67128 .functor BUFZ 1, C4<z>; HiZ drive
v000001e410c1bbc0_0 .net "rst", 0 0, o000001e410c67128;  0 drivers
E_000001e410c1cd50/0 .event negedge, v000001e410c1bbc0_0;
E_000001e410c1cd50/1 .event posedge, v000001e410c1ba80_0;
E_000001e410c1cd50 .event/or E_000001e410c1cd50/0, E_000001e410c1cd50/1;
    .scope S_000001e410c32ce0;
T_0 ;
    %wait E_000001e410c1cd50;
    %load/vec4 v000001e410c1bbc0_0;
    %inv;
    %flag_set/vec4 8;
    %jmp/0xz  T_0.0, 8;
    %pushi/vec4 0, 0, 8;
    %assign/vec4 v000001e410c33490_0, 0;
    %jmp T_0.1;
T_0.0 ;
    %load/vec4 v000001e410c1bb20_0;
    %flag_set/vec4 8;
    %jmp/0xz  T_0.2, 8;
    %load/vec4 v000001e410c32f10_0;
    %assign/vec4 v000001e410c33490_0, 0;
    %jmp T_0.3;
T_0.2 ;
    %load/vec4 v000001e410c33050_0;
    %flag_set/vec4 8;
    %jmp/0xz  T_0.4, 8;
    %load/vec4 v000001e410c32e70_0;
    %assign/vec4 v000001e410c33490_0, 0;
    %jmp T_0.5;
T_0.4 ;
    %load/vec4 v000001e410c32fb0_0;
    %assign/vec4 v000001e410c33490_0, 0;
T_0.5 ;
T_0.3 ;
T_0.1 ;
    %jmp T_0;
    .thread T_0;
# The file index is used to find the file name in the following table.
:file_names 3;
    "N/A";
    "<interactive>";
    "SPDR.v";
